<?xml version="1.0" encoding="UTF-8"?>
<robot generator="Robot 7.2 (Python 3.12.8 on win32)" generated="2025-02-26T12:43:45.494014" rpa="false" schemaversion="5">
<suite id="s1" name="Cart Steps" source="c:\repositorio\.projeto_robot\tests\cart_steps.robot">
<test id="s1-t1" name="Add Procuct to Cart - Success" line="5">
<kw name="Open Browser" owner="SeleniumLibrary">
<msg time="2025-02-26T12:43:46.077139" level="INFO">Opening browser 'chrome' to base url 'https://www.saucedemo.com/'.</msg>
<arg>url=https://www.saucedemo.com/</arg>
<arg>browser=chrome</arg>
<doc>Opens a new browser instance to the optional ``url``.</doc>
<status status="PASS" start="2025-02-26T12:43:46.077139" elapsed="2.637977"/>
</kw>
<kw name="Input Text" owner="SeleniumLibrary">
<msg time="2025-02-26T12:43:48.718116" level="INFO">Typing text 'standard_user' into text field 'id=user-name'.</msg>
<arg>id=user-name</arg>
<arg>standard_user</arg>
<doc>Types the given ``text`` into the text field identified by ``locator``.</doc>
<status status="PASS" start="2025-02-26T12:43:48.717119" elapsed="0.219372"/>
</kw>
<kw name="Input Password" owner="SeleniumLibrary">
<msg time="2025-02-26T12:43:48.942153" level="INFO">Typing password into text field 'id=password'.</msg>
<msg time="2025-02-26T12:43:49.023075" level="INFO">Temporally setting log level to: NONE</msg>
<arg>id=password</arg>
<arg>secret_sauce</arg>
<doc>Types the given password into the text field identified by ``locator``.</doc>
<status status="PASS" start="2025-02-26T12:43:48.941619" elapsed="0.184139"/>
</kw>
<kw name="Click Button" owner="SeleniumLibrary">
<msg time="2025-02-26T12:43:49.128758" level="INFO">Clicking button 'login-button'.</msg>
<arg>login-button</arg>
<doc>Clicks the button identified by ``locator``.</doc>
<status status="PASS" start="2025-02-26T12:43:49.127763" elapsed="0.238183"/>
</kw>
<kw name="Get Location" owner="SeleniumLibrary">
<msg time="2025-02-26T12:43:49.402027" level="INFO">${location} = https://www.saucedemo.com/inventory.html</msg>
<var>${location}</var>
<doc>Returns the current browser window URL.</doc>
<status status="PASS" start="2025-02-26T12:43:49.369155" elapsed="0.033881"/>
</kw>
<kw name="Should Be Equal" owner="BuiltIn">
<arg>${location}</arg>
<arg>https://www.saucedemo.com/inventory.html</arg>
<doc>Fails if the given objects are unequal.</doc>
<status status="PASS" start="2025-02-26T12:43:49.408852" elapsed="0.001021"/>
</kw>
<kw name="Click Element" owner="SeleniumLibrary">
<msg time="2025-02-26T12:43:49.414971" level="INFO">Clicking element 'class=inventory_item_name'.</msg>
<arg>class=inventory_item_name</arg>
<doc>Click the element identified by ``locator``.</doc>
<status status="PASS" start="2025-02-26T12:43:49.413971" elapsed="0.237605"/>
</kw>
<kw name="Click Element" owner="SeleniumLibrary">
<msg time="2025-02-26T12:43:49.653998" level="INFO">Clicking element 'add-to-cart'.</msg>
<arg>add-to-cart</arg>
<doc>Click the element identified by ``locator``.</doc>
<status status="PASS" start="2025-02-26T12:43:49.653444" elapsed="0.132785"/>
</kw>
<kw name="Click Element" owner="SeleniumLibrary">
<msg time="2025-02-26T12:43:49.788222" level="INFO">Clicking element 'class=shopping_cart_link'.</msg>
<arg>class=shopping_cart_link</arg>
<doc>Click the element identified by ``locator``.</doc>
<status status="PASS" start="2025-02-26T12:43:49.786229" elapsed="0.120703"/>
</kw>
<kw name="Wait Until Element Contains" owner="SeleniumLibrary">
<arg>class=title</arg>
<arg>Your Cart</arg>
<doc>Waits until the element ``locator`` contains ``text``.</doc>
<status status="PASS" start="2025-02-26T12:43:49.909922" elapsed="0.047179"/>
</kw>
<kw name="Click Element" owner="SeleniumLibrary">
<msg time="2025-02-26T12:43:49.959103" level="INFO">Clicking element 'continue-shopping'.</msg>
<arg>continue-shopping</arg>
<doc>Click the element identified by ``locator``.</doc>
<status status="PASS" start="2025-02-26T12:43:49.959103" elapsed="0.115995"/>
</kw>
<kw name="Click Element" owner="SeleniumLibrary">
<msg time="2025-02-26T12:43:50.079100" level="INFO">Clicking element 'name=add-to-cart-sauce-labs-fleece-jacket'.</msg>
<arg>name=add-to-cart-sauce-labs-fleece-jacket</arg>
<doc>Click the element identified by ``locator``.</doc>
<status status="PASS" start="2025-02-26T12:43:50.078093" elapsed="0.111630"/>
</kw>
<kw name="Sleep" owner="BuiltIn">
<msg time="2025-02-26T12:43:53.191733" level="INFO">Slept 3 seconds.</msg>
<arg>3s</arg>
<doc>Pauses the test executed for the given time.</doc>
<status status="PASS" start="2025-02-26T12:43:50.191238" elapsed="3.001037"/>
</kw>
<kw name="Click Element" owner="SeleniumLibrary">
<msg time="2025-02-26T12:43:53.194306" level="INFO">Clicking element 'class=shopping_cart_link'.</msg>
<arg>class=shopping_cart_link</arg>
<doc>Click the element identified by ``locator``.</doc>
<status status="PASS" start="2025-02-26T12:43:53.193287" elapsed="0.173415"/>
</kw>
<kw name="Click Button" owner="SeleniumLibrary">
<msg time="2025-02-26T12:43:53.369604" level="INFO">Clicking button 'checkout'.</msg>
<arg>checkout</arg>
<doc>Clicks the button identified by ``locator``.</doc>
<status status="PASS" start="2025-02-26T12:43:53.368612" elapsed="0.167942"/>
</kw>
<kw name="Input Text" owner="SeleniumLibrary">
<msg time="2025-02-26T12:43:53.541621" level="INFO">Typing text 'Adryano' into text field 'first-name'.</msg>
<arg>first-name</arg>
<arg>Adryano</arg>
<doc>Types the given ``text`` into the text field identified by ``locator``.</doc>
<status status="PASS" start="2025-02-26T12:43:53.540088" elapsed="0.240051"/>
</kw>
<kw name="Input Text" owner="SeleniumLibrary">
<msg time="2025-02-26T12:43:53.783563" level="INFO">Typing text 'Junior' into text field 'last-name'.</msg>
<arg>last-name</arg>
<arg>Junior</arg>
<doc>Types the given ``text`` into the text field identified by ``locator``.</doc>
<status status="PASS" start="2025-02-26T12:43:53.782217" elapsed="0.251636"/>
</kw>
<kw name="Input Text" owner="SeleniumLibrary">
<msg time="2025-02-26T12:43:54.038371" level="INFO">Typing text '01521020' into text field 'postal-code'.</msg>
<arg>postal-code</arg>
<arg>01521020</arg>
<doc>Types the given ``text`` into the text field identified by ``locator``.</doc>
<status status="PASS" start="2025-02-26T12:43:54.036365" elapsed="0.250616"/>
</kw>
<kw name="Click Button" owner="SeleniumLibrary">
<msg time="2025-02-26T12:43:54.290821" level="INFO">Clicking button 'continue'.</msg>
<arg>continue</arg>
<doc>Clicks the button identified by ``locator``.</doc>
<status status="PASS" start="2025-02-26T12:43:54.289599" elapsed="0.219636"/>
</kw>
<kw name="Wait Until Element Contains" owner="SeleniumLibrary">
<arg>class=title</arg>
<arg>Checkout: Overview</arg>
<doc>Waits until the element ``locator`` contains ``text``.</doc>
<status status="PASS" start="2025-02-26T12:43:54.510306" elapsed="0.029791"/>
</kw>
<kw name="Wait Until Element Contains" owner="SeleniumLibrary">
<arg>class=cart_desc_label</arg>
<arg>Description</arg>
<doc>Waits until the element ``locator`` contains ``text``.</doc>
<status status="PASS" start="2025-02-26T12:43:54.542241" elapsed="0.033615"/>
</kw>
<kw name="Click Button" owner="SeleniumLibrary">
<msg time="2025-02-26T12:43:54.578853" level="INFO">Clicking button 'finish'.</msg>
<arg>finish</arg>
<doc>Clicks the button identified by ``locator``.</doc>
<status status="PASS" start="2025-02-26T12:43:54.577840" elapsed="0.121439"/>
</kw>
<kw name="Wait Until Element Contains" owner="SeleniumLibrary">
<arg>class=title</arg>
<arg>Checkout: Complete!</arg>
<doc>Waits until the element ``locator`` contains ``text``.</doc>
<status status="PASS" start="2025-02-26T12:43:54.700285" elapsed="0.040125"/>
</kw>
<kw name="Wait Until Element Contains" owner="SeleniumLibrary">
<arg>class=complete-header</arg>
<arg>Thank you for your order!</arg>
<doc>Waits until the element ``locator`` contains ``text``.</doc>
<status status="PASS" start="2025-02-26T12:43:54.741391" elapsed="0.036905"/>
</kw>
<kw name="Wait Until Element Contains" owner="SeleniumLibrary">
<arg>class=complete-text</arg>
<arg>Your order has been dispatched, and will arrive just as fast as the pony can get there!</arg>
<doc>Waits until the element ``locator`` contains ``text``.</doc>
<status status="PASS" start="2025-02-26T12:43:54.779277" elapsed="0.042449"/>
</kw>
<kw name="Click Button" owner="SeleniumLibrary">
<msg time="2025-02-26T12:43:54.825373" level="INFO">Clicking button 'back-to-products'.</msg>
<arg>back-to-products</arg>
<doc>Clicks the button identified by ``locator``.</doc>
<status status="PASS" start="2025-02-26T12:43:54.824795" elapsed="0.151180"/>
</kw>
<status status="PASS" start="2025-02-26T12:43:46.075045" elapsed="8.902923"/>
</test>
<status status="PASS" start="2025-02-26T12:43:45.500529" elapsed="9.479444"/>
</suite>
<statistics>
<total>
<stat pass="1" fail="0" skip="0">All Tests</stat>
</total>
<tag>
</tag>
<suite>
<stat name="Cart Steps" id="s1" pass="1" fail="0" skip="0">Cart Steps</stat>
</suite>
</statistics>
<errors>
</errors>
</robot>
